<?xml version="1.0" encoding="UTF-8"?>
<!-- Generated by org.testng.reporters.JUnitReportReporter -->
<testsuite skipped="0" hostname="Rodions-MacBook-Pro.local" name="TestOOP.TestTestNG" tests="1" failures="0" timestamp="08 Sep 2017 10:59:07 GMT" time="33.002" errors="0">
  <testcase name="testNGTest" time="33.002" classname="TestOOP.TestTestNG"/>
</testsuite> <!-- TestOOP.TestTestNG -->
