<?xml version="1.0" encoding="UTF-8"?>
<!-- Generated by org.testng.reporters.JUnitReportReporter -->
<testsuite skipped="0" hostname="Rodions-MacBook-Pro.local" name="TestOOP.TestTestNG" tests="3" failures="0" timestamp="25 Sep 2017 07:58:39 GMT" time="71.566" errors="0">
  <testcase name="testRemoveAddress" time="20.339" classname="TestOOP.TestTestNG"/>
  <testcase name="testCreateAddress" time="28.512" classname="TestOOP.TestTestNG"/>
  <testcase name="testUpdateAddress" time="22.715" classname="TestOOP.TestTestNG"/>
</testsuite> <!-- TestOOP.TestTestNG -->
